[20:48:26] [INFO] ================================================
[20:48:26] [INFO] IBAM Grammar Engine
[20:48:26] [INFO] Run ID:     20260322_204826
[20:48:26] [INFO] Label:      IBAM_grammar
[20:48:26] [INFO] Data root:  /home/snerx/Proc-decode_Weblogo_Data_Folder
[20:48:26] [INFO] Samples:    /home/snerx/Proc-decode_Weblogo_Data_Folder/Taxon_MDS_data/samples.tsv
[20:48:26] [INFO] Gates:      50/85,60/90,70/90
[20:48:26] [INFO] Barcode:    false
[20:48:26] [INFO] Work dir:   /home/snerx/ibam_pipeline/results/IBAM_grammar_20260322_204826
[20:48:26] [INFO] *** DRY RUN ***
[20:48:26] [INFO] ================================================
[20:48:26] [OK] python3 → /home/snerx/miniconda3/envs/ccmhcg-md311/bin/python3
[20:48:26] [OK] mafft → /home/snerx/miniconda3/envs/ccmhcg-md311/bin/mafft
[20:48:26] [OK] weblogo → /home/snerx/miniconda3/envs/ccmhcg-md311/bin/weblogo
[20:48:26] [OK] gmx → /home/snerx/gromacs-2025.2/bin/gmx
[20:48:30] [INFO] Versions: /home/snerx/ibam_pipeline/manifest/versions_IBAM_grammar_20260322_204826.txt
[20:48:30] [INFO] Taxa: 25
[20:48:30] [INFO] ──────────────────────────────────────────
[20:48:30] [INFO] STEP 1: PDWLS (PRCO → projection → WebLogo)
[20:48:30] [INFO] ──────────────────────────────────────────
[20:48:30] [DRY] cd /home/snerx/ibam_pipeline/results/IBAM_grammar_20260322_204826 && bash /home/snerx/ibam_pipeline/scripts/PDWLS.sh --gates 50/85,60/90,70/90 --data-root /home/snerx/Proc-decode_Weblogo_Data_Folder
[20:48:30] [INFO] ──────────────────────────────────────────
[20:48:30] [INFO] STEP 3: Checksums and manifest
[20:48:30] [INFO] ──────────────────────────────────────────
[20:48:30] [INFO] ================================================
[20:48:30] [INFO] Grammar Engine complete.
[20:48:30] [INFO]   Results:   /home/snerx/ibam_pipeline/results/IBAM_grammar_20260322_204826
[20:48:30] [INFO]   Log:       /home/snerx/ibam_pipeline/logs/IBAM_grammar_20260322_204826.log
[20:48:30] [INFO]   Manifest:  /home/snerx/ibam_pipeline/manifest/manifest_IBAM_grammar_20260322_204826.json
[20:48:30] [INFO]   Checksums: /home/snerx/ibam_pipeline/manifest/checksums_IBAM_grammar_20260322_204826.sha256
[20:48:30] [INFO] ================================================
